#
# There is insufficient memory for the Java Runtime Environment to continue.
# Native memory allocation (malloc) failed to allocate 1048576 bytes for AllocateHeap
# Possible reasons:
#   The system is out of physical RAM or swap space
#   In 32 bit mode, the process size limit was hit
# Possible solutions:
#   Reduce memory load on the system
#   Increase physical memory or swap space
#   Check if swap backing store is full
#   Use 64 bit Java on a 64 bit OS
#   Decrease Java heap size (-Xmx/-Xms)
#   Decrease number of Java threads
#   Decrease Java thread stack sizes (-Xss)
#   Set larger code cache with -XX:ReservedCodeCacheSize=
# This output file may be truncated or incomplete.
#
#  Out of Memory Error (memory/allocation.inline.hpp:61), pid=21956, tid=0x0000000000005704
#
# JRE version:  (8.0_111-b14) (build )
# Java VM: Java HotSpot(TM) 64-Bit Server VM (25.111-b14 mixed mode windows-amd64 compressed oops)
# Failed to write core dump. Minidumps are not enabled by default on client versions of Windows
#

---------------  T H R E A D  ---------------

Current thread (0x000000000222d800):  JavaThread "Unknown thread" [_thread_in_vm, id=22276, stack(0x0000000002370000,0x0000000002470000)]

Stack: [0x0000000002370000,0x0000000002470000]
[error occurred during error reporting (printing stack bounds), id 0xc0000005]

Native frames: (J=compiled Java code, j=interpreted, Vv=VM code, C=native code)


---------------  P R O C E S S  ---------------

Java Threads: ( => current thread )

Other Threads:

=>0x000000000222d800 (exited) JavaThread "Unknown thread" [_thread_in_vm, id=22276, stack(0x0000000002370000,0x0000000002470000)]

VM state:not at safepoint (normal execution)

VM Mutex/Monitor currently owned by a thread: None

Heap:
 PSYoungGen      total 66560K, used 1146K [0x0000000776600000, 0x000000077b000000, 0x00000007c0000000)
  eden space 57344K, 2% used [0x0000000776600000,0x000000077671eb90,0x0000000779e00000)
  from space 9216K, 0% used [0x000000077a700000,0x000000077a700000,0x000000077b000000)
  to   space 9216K, 0% used [0x0000000779e00000,0x0000000779e00000,0x000000077a700000)
 ParOldGen       total 151552K, used 0K [0x00000006e3200000, 0x00000006ec600000, 0x0000000776600000)
  object space 151552K, 0% used [0x00000006e3200000,0x00000006e3200000,0x00000006ec600000)
 Metaspace       used 770K, capacity 4480K, committed 4480K, reserved 1056768K
  class space    used 75K, capacity 384K, committed 384K, reserved 1048576K

Card table byte_map: [0x0000000011930000,0x0000000012020000] byte_map_base: 0x000000000e217000

Marking Bits: (ParMarkBitMap*) 0x00000000554aa6c0
 Begin Bits: [0x0000000012ec0000, 0x00000000165f8000)
 End Bits:   [0x00000000165f8000, 0x0000000019d30000)

Polling page: 0x0000000000b20000

CodeCache: size=245760Kb used=327Kb max_used=327Kb free=245432Kb
 bounds [0x0000000002570000, 0x00000000027e0000, 0x0000000011570000]
 total_blobs=57 nmethods=0 adapters=38
 compilation: enabled

Compilation events (0 events):
No events

GC Heap History (0 events):
No events

Deoptimization events (0 events):
No events

Internal exceptions (0 events):
No events

Events (10 events):
Event: 0.359 loading class java/lang/Short
Event: 0.359 loading class java/lang/Short done
Event: 0.359 loading class java/lang/Integer
Event: 0.359 loading class java/lang/Integer done
Event: 0.359 loading class java/lang/Long
Event: 0.359 loading class java/lang/Long done
Event: 0.359 loading class java/lang/NullPointerException
Event: 0.359 loading class java/lang/NullPointerException done
Event: 0.359 loading class java/lang/ArithmeticException
Event: 0.359 loading class java/lang/ArithmeticException done


Dynamic libraries:
0x00007ff6893d0000 - 0x00007ff689407000 	C:\Program Files\Java\jdk1.8.0_111\bin\java.exe
0x00007ff99b310000 - 0x00007ff99b508000 	C:\Windows\SYSTEM32\ntdll.dll
0x00007ff999800000 - 0x00007ff9998bf000 	C:\Windows\System32\KERNEL32.DLL
0x00007ff998b60000 - 0x00007ff998e3a000 	C:\Windows\System32\KERNELBASE.dll
0x00007ff999920000 - 0x00007ff9999ce000 	C:\Windows\System32\ADVAPI32.dll
0x00007ff999560000 - 0x00007ff9995fe000 	C:\Windows\System32\msvcrt.dll
0x00007ff99a060000 - 0x00007ff99a0fc000 	C:\Windows\System32\sechost.dll
0x00007ff9999e0000 - 0x00007ff999b06000 	C:\Windows\System32\RPCRT4.dll
0x00007ff999d20000 - 0x00007ff999ebd000 	C:\Windows\System32\USER32.dll
0x00007ff998b30000 - 0x00007ff998b52000 	C:\Windows\System32\win32u.dll
0x00007ff999450000 - 0x00007ff99947b000 	C:\Windows\System32\GDI32.dll
0x00007ff998fa0000 - 0x00007ff9990b0000 	C:\Windows\System32\gdi32full.dll
0x00007ff9991b0000 - 0x00007ff99924d000 	C:\Windows\System32\msvcp_win.dll
0x00007ff9990b0000 - 0x00007ff9991b0000 	C:\Windows\System32\ucrtbase.dll
0x00007ff983f30000 - 0x00007ff9841ca000 	C:\Windows\WinSxS\amd64_microsoft.windows.common-controls_6595b64144ccf1df_6.0.19041.1110_none_60b5254171f9507e\COMCTL32.dll
0x00007ff99a100000 - 0x00007ff99a130000 	C:\Windows\System32\IMM32.DLL
0x0000000054bb0000 - 0x0000000054c82000 	C:\Program Files\Java\jdk1.8.0_111\jre\bin\msvcr100.dll
0x0000000054c90000 - 0x000000005552a000 	C:\Program Files\Java\jdk1.8.0_111\jre\bin\server\jvm.dll
0x00007ff9999d0000 - 0x00007ff9999d8000 	C:\Windows\System32\PSAPI.DLL
0x00007ff996040000 - 0x00007ff996049000 	C:\Windows\SYSTEM32\WSOCK32.dll
0x00007ff999ff0000 - 0x00007ff99a05b000 	C:\Windows\System32\WS2_32.dll
0x00007ff98e950000 - 0x00007ff98e977000 	C:\Windows\SYSTEM32\WINMM.dll
0x00007ff98ee20000 - 0x00007ff98ee2a000 	C:\Windows\SYSTEM32\VERSION.dll
0x0000000054b60000 - 0x0000000054b6f000 	C:\Program Files\Java\jdk1.8.0_111\jre\bin\verify.dll
0x0000000054b30000 - 0x0000000054b59000 	C:\Program Files\Java\jdk1.8.0_111\jre\bin\java.dll
0x0000000054b10000 - 0x0000000054b26000 	C:\Program Files\Java\jdk1.8.0_111\jre\bin\zip.dll

VM Arguments:
jvm_args: -Dfile.encoding=UTF-8 
java_command: Main.Persona_Main
java_class_path (initial): D:\Users\USUARIO\Desktop\GIT\POO3\POO_3\build\classes
Launcher Type: SUN_STANDARD

Environment Variables:
JAVA_HOME=C:\Program Files\Java\jdk1.8.0_111
PATH=C:\Program Files (x86)\Common Files\Oracle\Java\javapath;C:\Program Files (x86)\Common Files\Intel\Shared Files\cpp\bin\Intel64;C:\Windows\system32;C:\Windows;C:\Windows\System32\Wbem;C:\Windows\System32\WindowsPowerShell\v1.0\;C:\Windows\System32\OpenSSH\;C:\Program Files\dotnet\;C:\Program Files\Git\cmd;C:\Program Files\Java\jdk1.8.0_111\bin;C:\Users\USUARIO\AppData\Local\Microsoft\WindowsApps;
USERNAME=USUARIO
OS=Windows_NT
PROCESSOR_IDENTIFIER=AMD64 Family 25 Model 80 Stepping 0, AuthenticAMD



---------------  S Y S T E M  ---------------

OS: Windows 10.0 , 64 bit Build 19041 (10.0.19041.2788)

CPU:total 12 (12 cores per cpu, 1 threads per core) family 25 model 80 stepping 0, cmov, cx8, fxsr, mmx, sse, sse2, sse3, ssse3, sse4.1, sse4.2, popcnt, avx, avx2, aes, clmul, erms, mmxext, 3dnowpref, lzcnt, sse4a, tsc, tscinvbit, tscinv, bmi1

Memory: 4k page, physical 14467516k(7558860k free), swap 44910348k(111700k free)

vm_info: Java HotSpot(TM) 64-Bit Server VM (25.111-b14) for windows-amd64 JRE (1.8.0_111-b14), built on Sep 22 2016 19:24:05 by "java_re" with MS VC++ 10.0 (VS2010)

time: Mon May 08 20:58:10 2023
elapsed time: 1 seconds (0d 0h 0m 1s)

